Log file open, 04/09/22 16:13:25
LogWindows: Failed to load 'aqProf.dll' (GetLastError=126)
LogWindows: File 'aqProf.dll' does not exist
LogWindows: Failed to load 'VtuneApi.dll' (GetLastError=126)
LogWindows: File 'VtuneApi.dll' does not exist
LogWindows: Failed to load 'VtuneApi32e.dll' (GetLastError=126)
LogWindows: File 'VtuneApi32e.dll' does not exist
LogConsoleResponse: Display: Failed to find resolution value strings in scalability ini. Falling back to default.
LogConsoleResponse: Display: Failed to find resolution value strings in scalability ini. Falling back to default.
LogInit: Display: Running engine for game: Assignment
LogPlatformFile: Not using cached read wrapper
LogTaskGraph: Started task graph with 5 named threads and 35 total threads with 3 sets of task threads.
LogStats: Stats thread started at 0.373751
LogICUInternationalization: ICU TimeZone Detection - Raw Offset: -5:00, Platform Override: ''
LogInit: Display: Loading text-based GConfig....
LogPluginManager: Mounting plugin MeshPainting
LogPluginManager: Mounting plugin XGEController
LogPluginManager: Mounting plugin Paper2D
LogPluginManager: Mounting plugin LightPropagationVolume
LogPluginManager: Mounting plugin LiveLink
LogPluginManager: Mounting plugin AISupport
LogPluginManager: Mounting plugin EnvironmentQueryEditor
LogPluginManager: Mounting plugin GameplayCameras
LogPluginManager: Mounting plugin CameraShakePreviewer
LogPluginManager: Mounting plugin OodleData
LogPluginManager: Mounting plugin CLionSourceCodeAccess
LogPluginManager: Mounting plugin AnimationSharing
LogPluginManager: Mounting plugin OodleNetwork
LogPluginManager: Mounting plugin CodeLiteSourceCodeAccess
LogPluginManager: Mounting plugin KDevelopSourceCodeAccess
LogPluginManager: Mounting plugin PlasticSourceControl
LogPluginManager: Mounting plugin PerforceSourceControl
LogPluginManager: Mounting plugin PixWinPlugin
LogPluginManager: Mounting plugin RiderSourceCodeAccess
LogPluginManager: Mounting plugin TextureFormatOodle
LogPluginManager: Mounting plugin SubversionSourceControl
LogPluginManager: Mounting plugin PropertyAccessNode
LogPluginManager: Mounting plugin VisualStudioSourceCodeAccess
LogPluginManager: Mounting plugin XCodeSourceCodeAccess
LogPluginManager: Mounting plugin UObjectPlugin
LogPluginManager: Mounting plugin NullSourceCodeAccess
LogPluginManager: Mounting plugin PluginUtils
LogPluginManager: Mounting plugin GitSourceControl
LogPluginManager: Mounting plugin VisualStudioCodeSourceCodeAccess
LogPluginManager: Mounting plugin DatasmithContent
LogPluginManager: Mounting plugin AssetManagerEditor
LogPluginManager: Mounting plugin VariantManagerContent
LogPluginManager: Mounting plugin CurveEditorTools
LogPluginManager: Mounting plugin CryptoKeys
LogPluginManager: Mounting plugin DataValidation
LogPluginManager: Mounting plugin FacialAnimation
LogPluginManager: Mounting plugin GameplayTagsEditor
LogPluginManager: Mounting plugin GeometryMode
LogPluginManager: Mounting plugin MaterialAnalyzer
LogPluginManager: Mounting plugin AlembicImporter
LogPluginManager: Mounting plugin MacGraphicsSwitching
LogPluginManager: Mounting plugin SpeedTreeImporter
LogPluginManager: Mounting plugin MobileLauncherProfileWizard
LogPluginManager: Mounting plugin PluginBrowser
LogPluginManager: Mounting plugin AutomationUtils
LogPluginManager: Mounting plugin BackChannel
LogPluginManager: Mounting plugin ChaosCloth
LogPluginManager: Mounting plugin ChaosEditor
LogPluginManager: Mounting plugin ChaosNiagara
LogPluginManager: Mounting plugin CharacterAI
LogPluginManager: Mounting plugin ChaosSolverPlugin
LogPluginManager: Mounting plugin ChaosClothEditor
LogPluginManager: Mounting plugin GeometryCache
LogPluginManager: Mounting plugin GeometryProcessing
LogPluginManager: Mounting plugin GeometryCollectionPlugin
LogPluginManager: Mounting plugin OpenImageDenoise
LogPluginManager: Mounting plugin MotoSynth
LogPluginManager: Mounting plugin PlatformCrypto
LogPluginManager: Mounting plugin ProxyLODPlugin
LogPluginManager: Mounting plugin PlanarCut
LogPluginManager: Mounting plugin PythonScriptPlugin
LogPluginManager: Mounting plugin SkeletalReduction
LogPluginManager: Mounting plugin Niagara
LogPluginManager: Mounting plugin LuminPlatformFeatures
LogPluginManager: Mounting plugin MagicLeap
LogPluginManager: Mounting plugin MagicLeapLightEstimation
LogPluginManager: Mounting plugin MagicLeapMedia
LogPluginManager: Mounting plugin MagicLeapPassableWorld
LogPluginManager: Mounting plugin MLSDK
LogPluginManager: Mounting plugin TcpMessaging
LogPluginManager: Mounting plugin AndroidMedia
LogPluginManager: Mounting plugin UdpMessaging
LogPluginManager: Mounting plugin AvfMedia
LogPluginManager: Mounting plugin ActorSequence
LogPluginManager: Mounting plugin ImgMedia
LogPluginManager: Mounting plugin LevelSequenceEditor
LogPluginManager: Mounting plugin MediaCompositing
LogPluginManager: Mounting plugin MatineeToLevelSequence
LogPluginManager: Mounting plugin TemplateSequence
LogPluginManager: Mounting plugin MediaPlayerEditor
LogPluginManager: Mounting plugin WebMMedia
LogPluginManager: Mounting plugin WmfMedia
LogPluginManager: Mounting plugin OnlineSubsystem
LogPluginManager: Mounting plugin OnlineSubsystemNull
LogPluginManager: Mounting plugin LauncherChunkInstaller
LogPluginManager: Mounting plugin OnlineSubsystemUtils
LogPluginManager: Mounting plugin ActorLayerUtilities
LogPluginManager: Mounting plugin AndroidPermission
LogPluginManager: Mounting plugin AndroidDeviceProfileSelector
LogPluginManager: Mounting plugin AndroidMoviePlayer
LogPluginManager: Mounting plugin AppleImageUtils
LogPluginManager: Mounting plugin AppleMoviePlayer
LogPluginManager: Mounting plugin ArchVisCharacter
LogPluginManager: Mounting plugin AssetTags
LogPluginManager: Mounting plugin AudioCapture
LogPluginManager: Mounting plugin AudioSynesthesia
LogPluginManager: Mounting plugin CableComponent
LogPluginManager: Mounting plugin ChunkDownloader
LogPluginManager: Mounting plugin CustomMeshComponent
LogPluginManager: Mounting plugin EditableMesh
LogPluginManager: Mounting plugin ExampleDeviceProfileSelector
LogPluginManager: Mounting plugin GoogleCloudMessaging
LogPluginManager: Mounting plugin GooglePAD
LogPluginManager: Mounting plugin IOSDeviceProfileSelector
LogPluginManager: Mounting plugin LinuxDeviceProfileSelector
LogPluginManager: Mounting plugin LocationServicesBPLibrary
LogPluginManager: Mounting plugin MobilePatchingUtils
LogPluginManager: Mounting plugin OpenXR
LogPluginManager: Mounting plugin OpenXREyeTracker
LogPluginManager: Mounting plugin OpenXRHandTracking
LogPluginManager: Mounting plugin PhysXVehicles
LogPluginManager: Mounting plugin PostSplashScreen
LogPluginManager: Mounting plugin ProceduralMeshComponent
LogPluginManager: Mounting plugin PropertyAccessEditor
LogPluginManager: Mounting plugin RuntimePhysXCooking
LogPluginManager: Mounting plugin SignificanceManager
LogPluginManager: Mounting plugin SoundFields
LogPluginManager: Mounting plugin Synthesis
LogPluginManager: Mounting plugin WebMMoviePlayer
LogPluginManager: Mounting plugin WindowsMoviePlayer
LogPluginManager: Mounting plugin Takes
LogPluginManager: Mounting plugin ScreenshotTools
LogPluginManager: Mounting plugin ContentBrowserClassDataSource
LogPluginManager: Mounting plugin ContentBrowserAssetDataSource
LogPluginManager: Mounting plugin ContentBrowserFileDataSource
LogPluginManager: Mounting plugin OnlineSubsystemGooglePlay
LogPluginManager: Mounting plugin OnlineSubsystemIOS
LogPluginManager: Mounting plugin OculusVR
LogPluginManager: Mounting plugin SteamVR
PixWinPlugin: PIX capture plugin failed to initialize! Check that the process is launched from PIX.
LogInit: Using libcurl 7.55.1-DEV
LogInit:  - built for x86_64-pc-win32
LogInit:  - supports SSL with OpenSSL/1.1.1
LogInit:  - supports HTTP deflate (compression) using libz 1.2.8
LogInit:  - other features:
LogInit:      CURL_VERSION_SSL
LogInit:      CURL_VERSION_LIBZ
LogInit:      CURL_VERSION_IPV6
LogInit:      CURL_VERSION_ASYNCHDNS
LogInit:      CURL_VERSION_LARGEFILE
LogInit:      CURL_VERSION_IDN
LogInit:  CurlRequestOptions (configurable via config and command line):
LogInit:  - bVerifyPeer = true  - Libcurl will verify peer certificate
LogInit:  - bUseHttpProxy = false  - Libcurl will NOT use HTTP proxy
LogInit:  - bDontReuseConnections = false  - Libcurl will reuse connections
LogInit:  - MaxHostConnections = 16  - Libcurl will limit the number of connections to a host
LogInit:  - LocalHostAddr = Default
LogInit:  - BufferSize = 65536
LogOnline: OSS: Creating online subsystem instance for: NULL
LogInit: WinSock: version 1.1 (2.2), MaxSocks=32767, MaxUdp=65467
LogOnline: OSS: TryLoadSubsystemAndSetDefault: Loaded subsystem for module [NULL]
LogOculusPluginWrapper: OculusPlugin initialized successfully
LogHMD: Failed initializing OVRPlugin 1.59.0
LogInit: Build: ++UE4+Release-4.27-CL-18319896
LogInit: Engine Version: 4.27.2-18319896+++UE4+Release-4.27
LogInit: Compatible Engine Version: 4.27.0-17155196+++UE4+Release-4.27
LogInit: Net CL: 17155196
LogInit: OS: Windows 10 (Release 2009) (), CPU: 11th Gen Intel(R) Core(TM) i5-11600KF @ 3.90GHz, GPU: NVIDIA GeForce GTX 1660 Ti
LogInit: Compiled (64-bit): Nov 30 2021 07:12:08
LogInit: Compiled with Visual C++: 19.24.28315.00
LogInit: Build Configuration: Development
LogInit: Branch Name: ++UE4+Release-4.27
LogInit: Command Line: 
LogInit: Base Directory: F:/Unreal/UE_4.27/Engine/Binaries/Win64/
LogInit: Allocator: TBB
LogInit: Installed Engine Build: 1
LogDevObjectVersion: Number of dev versions registered: 29
LogDevObjectVersion:   Dev-Blueprints (B0D832E4-1F89-4F0D-ACCF-7EB736FD4AA2): 10
LogDevObjectVersion:   Dev-Build (E1C64328-A22C-4D53-A36C-8E866417BD8C): 0
LogDevObjectVersion:   Dev-Core (375EC13C-06E4-48FB-B500-84F0262A717E): 4
LogDevObjectVersion:   Dev-Editor (E4B068ED-F494-42E9-A231-DA0B2E46BB41): 40
LogDevObjectVersion:   Dev-Framework (CFFC743F-43B0-4480-9391-14DF171D2073): 37
LogDevObjectVersion:   Dev-Mobile (B02B49B5-BB20-44E9-A304-32B752E40360): 3
LogDevObjectVersion:   Dev-Networking (A4E4105C-59A1-49B5-A7C5-40C4547EDFEE): 0
LogDevObjectVersion:   Dev-Online (39C831C9-5AE6-47DC-9A44-9C173E1C8E7C): 0
LogDevObjectVersion:   Dev-Physics (78F01B33-EBEA-4F98-B9B4-84EACCB95AA2): 14
LogDevObjectVersion:   Dev-Platform (6631380F-2D4D-43E0-8009-CF276956A95A): 0
LogDevObjectVersion:   Dev-Rendering (12F88B9F-8875-4AFC-A67C-D90C383ABD29): 45
LogDevObjectVersion:   Dev-Sequencer (7B5AE74C-D270-4C10-A958-57980B212A5A): 13
LogDevObjectVersion:   Dev-VR (D7296918-1DD6-4BDD-9DE2-64A83CC13884): 3
LogDevObjectVersion:   Dev-LoadTimes (C2A15278-BFE7-4AFE-6C17-90FF531DF755): 1
LogDevObjectVersion:   Private-Geometry (6EACA3D4-40EC-4CC1-B786-8BED09428FC5): 3
LogDevObjectVersion:   Dev-AnimPhys (29E575DD-E0A3-4627-9D10-D276232CDCEA): 17
LogDevObjectVersion:   Dev-Anim (AF43A65D-7FD3-4947-9873-3E8ED9C1BB05): 15
LogDevObjectVersion:   Dev-ReflectionCapture (6B266CEC-1EC7-4B8F-A30B-E4D90942FC07): 1
LogDevObjectVersion:   Dev-Automation (0DF73D61-A23F-47EA-B727-89E90C41499A): 1
LogDevObjectVersion:   FortniteMain (601D1886-AC64-4F84-AA16-D3DE0DEAC7D6): 47
LogDevObjectVersion:   FortniteRelease (E7086368-6B23-4C58-8439-1B7016265E91): 1
LogDevObjectVersion:   Dev-Enterprise (9DFFBCD6-494F-0158-E221-12823C92A888): 10
LogDevObjectVersion:   Dev-Niagara (F2AED0AC-9AFE-416F-8664-AA7FFA26D6FC): 1
LogDevObjectVersion:   Dev-Destruction (174F1F0B-B4C6-45A5-B13F-2EE8D0FB917D): 10
LogDevObjectVersion:   Dev-Physics-Ext (35F94A83-E258-406C-A318-09F59610247C): 41
LogDevObjectVersion:   Dev-PhysicsMaterial-Chaos (B68FC16E-8B1B-42E2-B453-215C058844FE): 1
LogDevObjectVersion:   Dev-CineCamera (B2E18506-4273-CFC2-A54E-F4BB758BBA07): 1
LogDevObjectVersion:   Dev-VirtualProduction (64F58936-FD1B-42BA-BA96-7289D5D0FA4E): 1
LogDevObjectVersion:   Dev-MediaFramework (6F0ED827-A609-4895-9C91-998D90180EA4): 2
LogInit: Presizing for max 25165824 objects, including 0 objects not considered by GC, pre-allocating 0 bytes for permanent pool.
LogConfig: Applying CVar settings from Section [/Script/Engine.StreamingSettings] File [F:/Unreal Files/GAME159-Assignment/Saved/Config/Windows/Engine.ini]
LogConfig: Setting CVar [[s.MinBulkDataSizeForAsyncLoading:131072]]
LogConfig: Setting CVar [[s.AsyncLoadingThreadEnabled:0]]
LogConfig: Setting CVar [[s.EventDrivenLoaderEnabled:1]]
LogConfig: Setting CVar [[s.WarnIfTimeLimitExceeded:0]]
LogConfig: Setting CVar [[s.TimeLimitExceededMultiplier:1.5]]
LogConfig: Setting CVar [[s.TimeLimitExceededMinTime:0.005]]
LogConfig: Setting CVar [[s.UseBackgroundLevelStreaming:1]]
LogConfig: Setting CVar [[s.PriorityAsyncLoadingExtraTime:15.0]]
LogConfig: Setting CVar [[s.LevelStreamingActorsUpdateTimeLimit:5.0]]
LogConfig: Setting CVar [[s.PriorityLevelStreamingActorsUpdateExtraTime:5.0]]
LogConfig: Setting CVar [[s.LevelStreamingComponentsRegistrationGranularity:10]]
LogConfig: Setting CVar [[s.UnregisterComponentsTimeLimit:1.0]]
LogConfig: Setting CVar [[s.LevelStreamingComponentsUnregistrationGranularity:5]]
LogConfig: Setting CVar [[s.FlushStreamingOnExit:1]]
LogInit: Object subsystem initialized
LogConfig: Setting CVar [[con.DebugEarlyDefault:1]]
LogConfig: Setting CVar [[r.setres:1280x720]]
[2022.04.09-20.13.35:226][  0]LogConfig: Setting CVar [[r.VSync:0]]
[2022.04.09-20.13.35:226][  0]LogConfig: Setting CVar [[r.RHICmdBypass:0]]
[2022.04.09-20.13.35:227][  0]LogConfig: Applying CVar settings from Section [/Script/Engine.RendererSettings] File [F:/Unreal Files/GAME159-Assignment/Saved/Config/Windows/Engine.ini]
[2022.04.09-20.13.35:227][  0]LogConfig: Setting CVar [[r.GPUCrashDebugging:0]]
[2022.04.09-20.13.35:227][  0]LogConfig: Applying CVar settings from Section [/Script/Engine.RendererOverrideSettings] File [F:/Unreal Files/GAME159-Assignment/Saved/Config/Windows/Engine.ini]
[2022.04.09-20.13.35:227][  0]LogConfig: Applying CVar settings from Section [/Script/Engine.StreamingSettings] File [F:/Unreal Files/GAME159-Assignment/Saved/Config/Windows/Engine.ini]
[2022.04.09-20.13.35:227][  0]LogConfig: Setting CVar [[s.MinBulkDataSizeForAsyncLoading:131072]]
[2022.04.09-20.13.35:227][  0]LogConfig: Setting CVar [[s.AsyncLoadingThreadEnabled:0]]
[2022.04.09-20.13.35:227][  0]LogConfig: Setting CVar [[s.EventDrivenLoaderEnabled:1]]
[2022.04.09-20.13.35:227][  0]LogConfig: Setting CVar [[s.WarnIfTimeLimitExceeded:0]]
[2022.04.09-20.13.35:227][  0]LogConfig: Setting CVar [[s.TimeLimitExceededMultiplier:1.5]]
[2022.04.09-20.13.35:227][  0]LogConfig: Setting CVar [[s.TimeLimitExceededMinTime:0.005]]
[2022.04.09-20.13.35:227][  0]LogConfig: Setting CVar [[s.UseBackgroundLevelStreaming:1]]
[2022.04.09-20.13.35:227][  0]LogConfig: Setting CVar [[s.PriorityAsyncLoadingExtraTime:15.0]]
[2022.04.09-20.13.35:227][  0]LogConfig: Setting CVar [[s.LevelStreamingActorsUpdateTimeLimit:5.0]]
[2022.04.09-20.13.35:227][  0]LogConfig: Setting CVar [[s.PriorityLevelStreamingActorsUpdateExtraTime:5.0]]
[2022.04.09-20.13.35:227][  0]LogConfig: Setting CVar [[s.LevelStreamingComponentsRegistrationGranularity:10]]
[2022.04.09-20.13.35:227][  0]LogConfig: Setting CVar [[s.UnregisterComponentsTimeLimit:1.0]]
[2022.04.09-20.13.35:227][  0]LogConfig: Setting CVar [[s.LevelStreamingComponentsUnregistrationGranularity:5]]
[2022.04.09-20.13.35:227][  0]LogConfig: Setting CVar [[s.FlushStreamingOnExit:1]]
[2022.04.09-20.13.35:227][  0]LogConfig: Applying CVar settings from Section [/Script/Engine.GarbageCollectionSettings] File [F:/Unreal Files/GAME159-Assignment/Saved/Config/Windows/Engine.ini]
[2022.04.09-20.13.35:227][  0]LogConfig: Setting CVar [[gc.MaxObjectsNotConsideredByGC:1]]
[2022.04.09-20.13.35:227][  0]LogConfig: Setting CVar [[gc.SizeOfPermanentObjectPool:0]]
[2022.04.09-20.13.35:227][  0]LogConfig: Setting CVar [[gc.FlushStreamingOnGC:0]]
[2022.04.09-20.13.35:227][  0]LogConfig: Setting CVar [[gc.NumRetriesBeforeForcingGC:10]]
[2022.04.09-20.13.35:227][  0]LogConfig: Setting CVar [[gc.AllowParallelGC:1]]
[2022.04.09-20.13.35:227][  0]LogConfig: Setting CVar [[gc.TimeBetweenPurgingPendingKillObjects:61.1]]
[2022.04.09-20.13.35:227][  0]LogConfig: Setting CVar [[gc.MaxObjectsInEditor:25165824]]
[2022.04.09-20.13.35:227][  0]LogConfig: Setting CVar [[gc.IncrementalBeginDestroyEnabled:1]]
[2022.04.09-20.13.35:227][  0]LogConfig: Setting CVar [[gc.CreateGCClusters:1]]
[2022.04.09-20.13.35:227][  0]LogConfig: Setting CVar [[gc.MinGCClusterSize:5]]
[2022.04.09-20.13.35:227][  0]LogConfig: Setting CVar [[gc.ActorClusteringEnabled:0]]
[2022.04.09-20.13.35:227][  0]LogConfig: Setting CVar [[gc.BlueprintClusteringEnabled:0]]
[2022.04.09-20.13.35:227][  0]LogConfig: Setting CVar [[gc.UseDisregardForGCOnDedicatedServers:0]]
[2022.04.09-20.13.35:227][  0]LogConfig: Setting CVar [[gc.MultithreadedDestructionEnabled:1]]
[2022.04.09-20.13.35:227][  0]LogConfig: Applying CVar settings from Section [/Script/Engine.NetworkSettings] File [F:/Unreal Files/GAME159-Assignment/Saved/Config/Windows/Engine.ini]
[2022.04.09-20.13.35:227][  0]LogConfig: Applying CVar settings from Section [/Script/UnrealEd.CookerSettings] File [F:/Unreal Files/GAME159-Assignment/Saved/Config/Windows/Engine.ini]
[2022.04.09-20.13.35:366][  0]LogConfig: Applying CVar settings from Section [ViewDistanceQuality@3] File [F:/Unreal Files/GAME159-Assignment/Saved/Config/Windows/Scalability.ini]
[2022.04.09-20.13.35:366][  0]LogConfig: Setting CVar [[r.SkeletalMeshLODBias:0]]
[2022.04.09-20.13.35:366][  0]LogConfig: Setting CVar [[r.ViewDistanceScale:1.0]]
[2022.04.09-20.13.35:366][  0]LogConfig: Applying CVar settings from Section [AntiAliasingQuality@3] File [F:/Unreal Files/GAME159-Assignment/Saved/Config/Windows/Scalability.ini]
[2022.04.09-20.13.35:366][  0]LogConfig: Setting CVar [[r.PostProcessAAQuality:4]]
[2022.04.09-20.13.35:366][  0]LogConfig: Applying CVar settings from Section [ShadowQuality@3] File [F:/Unreal Files/GAME159-Assignment/Saved/Config/Windows/Scalability.ini]
[2022.04.09-20.13.35:366][  0]LogConfig: Setting CVar [[r.LightFunctionQuality:1]]
[2022.04.09-20.13.35:366][  0]LogConfig: Setting CVar [[r.ShadowQuality:5]]
[2022.04.09-20.13.35:366][  0]LogConfig: Setting CVar [[r.Shadow.CSM.MaxCascades:10]]
[2022.04.09-20.13.35:366][  0]LogConfig: Setting CVar [[r.Shadow.MaxResolution:2048]]
[2022.04.09-20.13.35:366][  0]LogConfig: Setting CVar [[r.Shadow.MaxCSMResolution:2048]]
[2022.04.09-20.13.35:366][  0]LogConfig: Setting CVar [[r.Shadow.RadiusThreshold:0.01]]
[2022.04.09-20.13.35:366][  0]LogConfig: Setting CVar [[r.Shadow.DistanceScale:1.0]]
[2022.04.09-20.13.35:366][  0]LogConfig: Setting CVar [[r.Shadow.CSM.TransitionScale:1.0]]
[2022.04.09-20.13.35:366][  0]LogConfig: Setting CVar [[r.Shadow.PreShadowResolutionFactor:1.0]]
[2022.04.09-20.13.35:366][  0]LogConfig: Setting CVar [[r.DistanceFieldShadowing:1]]
[2022.04.09-20.13.35:366][  0]LogConfig: Setting CVar [[r.DistanceFieldAO:1]]
[2022.04.09-20.13.35:366][  0]LogConfig: Setting CVar [[r.AOQuality:2]]
[2022.04.09-20.13.35:366][  0]LogConfig: Setting CVar [[r.VolumetricFog:1]]
[2022.04.09-20.13.35:366][  0]LogConfig: Setting CVar [[r.VolumetricFog.GridPixelSize:8]]
[2022.04.09-20.13.35:366][  0]LogConfig: Setting CVar [[r.VolumetricFog.GridSizeZ:128]]
[2022.04.09-20.13.35:367][  0]LogConfig: Setting CVar [[r.VolumetricFog.HistoryMissSupersampleCount:4]]
[2022.04.09-20.13.35:367][  0]LogConfig: Setting CVar [[r.LightMaxDrawDistanceScale:1]]
[2022.04.09-20.13.35:367][  0]LogConfig: Setting CVar [[r.CapsuleShadows:1]]
[2022.04.09-20.13.35:367][  0]LogConfig: Applying CVar settings from Section [PostProcessQuality@3] File [F:/Unreal Files/GAME159-Assignment/Saved/Config/Windows/Scalability.ini]
[2022.04.09-20.13.35:367][  0]LogConfig: Setting CVar [[r.MotionBlurQuality:4]]
[2022.04.09-20.13.35:367][  0]LogConfig: Setting CVar [[r.AmbientOcclusionMipLevelFactor:0.4]]
[2022.04.09-20.13.35:367][  0]LogConfig: Setting CVar [[r.AmbientOcclusionMaxQuality:100]]
[2022.04.09-20.13.35:367][  0]LogConfig: Setting CVar [[r.AmbientOcclusionLevels:-1]]
[2022.04.09-20.13.35:367][  0]LogConfig: Setting CVar [[r.AmbientOcclusionRadiusScale:1.0]]
[2022.04.09-20.13.35:367][  0]LogConfig: Setting CVar [[r.DepthOfFieldQuality:2]]
[2022.04.09-20.13.35:367][  0]LogConfig: Setting CVar [[r.RenderTargetPoolMin:400]]
[2022.04.09-20.13.35:367][  0]LogConfig: Setting CVar [[r.LensFlareQuality:2]]
[2022.04.09-20.13.35:367][  0]LogConfig: Setting CVar [[r.SceneColorFringeQuality:1]]
[2022.04.09-20.13.35:367][  0]LogConfig: Setting CVar [[r.EyeAdaptationQuality:2]]
[2022.04.09-20.13.35:367][  0]LogConfig: Setting CVar [[r.BloomQuality:5]]
[2022.04.09-20.13.35:367][  0]LogConfig: Setting CVar [[r.FastBlurThreshold:100]]
[2022.04.09-20.13.35:367][  0]LogConfig: Setting CVar [[r.Upscale.Quality:3]]
[2022.04.09-20.13.35:367][  0]LogConfig: Setting CVar [[r.Tonemapper.GrainQuantization:1]]
[2022.04.09-20.13.35:367][  0]LogConfig: Setting CVar [[r.LightShaftQuality:1]]
[2022.04.09-20.13.35:367][  0]LogConfig: Setting CVar [[r.Filter.SizeScale:1]]
[2022.04.09-20.13.35:367][  0]LogConfig: Setting CVar [[r.Tonemapper.Quality:5]]
[2022.04.09-20.13.35:367][  0]LogConfig: Setting CVar [[r.DOF.Gather.AccumulatorQuality:1        ; higher gathering accumulator quality]]
[2022.04.09-20.13.35:367][  0]LogConfig: Setting CVar [[r.DOF.Gather.PostfilterMethod:1          ; Median3x3 postfilering method]]
[2022.04.09-20.13.35:367][  0]LogConfig: Setting CVar [[r.DOF.Gather.EnableBokehSettings:0       ; no bokeh simulation when gathering]]
[2022.04.09-20.13.35:367][  0]LogConfig: Setting CVar [[r.DOF.Gather.RingCount:4                 ; medium number of samples when gathering]]
[2022.04.09-20.13.35:367][  0]LogConfig: Setting CVar [[r.DOF.Scatter.ForegroundCompositing:1    ; additive foreground scattering]]
[2022.04.09-20.13.35:367][  0]LogConfig: Setting CVar [[r.DOF.Scatter.BackgroundCompositing:2    ; additive background scattering]]
[2022.04.09-20.13.35:367][  0]LogConfig: Setting CVar [[r.DOF.Scatter.EnableBokehSettings:1      ; bokeh simulation when scattering]]
[2022.04.09-20.13.35:367][  0]LogConfig: Setting CVar [[r.DOF.Scatter.MaxSpriteRatio:0.1         ; only a maximum of 10% of scattered bokeh]]
[2022.04.09-20.13.35:367][  0]LogConfig: Setting CVar [[r.DOF.Recombine.Quality:1                ; cheap slight out of focus]]
[2022.04.09-20.13.35:367][  0]LogConfig: Setting CVar [[r.DOF.Recombine.EnableBokehSettings:0    ; no bokeh simulation on slight out of focus]]
[2022.04.09-20.13.35:367][  0]LogConfig: Setting CVar [[r.DOF.TemporalAAQuality:1                ; more stable temporal accumulation]]
[2022.04.09-20.13.35:367][  0]LogConfig: Setting CVar [[r.DOF.Kernel.MaxForegroundRadius:0.025]]
[2022.04.09-20.13.35:367][  0]LogConfig: Setting CVar [[r.DOF.Kernel.MaxBackgroundRadius:0.025]]
[2022.04.09-20.13.35:367][  0]LogConfig: Applying CVar settings from Section [TextureQuality@3] File [F:/Unreal Files/GAME159-Assignment/Saved/Config/Windows/Scalability.ini]
[2022.04.09-20.13.35:367][  0]LogConfig: Setting CVar [[r.Streaming.MipBias:0]]
[2022.04.09-20.13.35:367][  0]LogConfig: Setting CVar [[r.Streaming.AmortizeCPUToGPUCopy:0]]
[2022.04.09-20.13.35:367][  0]LogConfig: Setting CVar [[r.Streaming.MaxNumTexturesToStreamPerFrame:0]]
[2022.04.09-20.13.35:367][  0]LogConfig: Setting CVar [[r.Streaming.Boost:1]]
[2022.04.09-20.13.35:367][  0]LogConfig: Setting CVar [[r.MaxAnisotropy:8]]
[2022.04.09-20.13.35:367][  0]LogConfig: Setting CVar [[r.VT.MaxAnisotropy:8]]
[2022.04.09-20.13.35:367][  0]LogConfig: Setting CVar [[r.Streaming.LimitPoolSizeToVRAM:0]]
[2022.04.09-20.13.35:367][  0]LogConfig: Setting CVar [[r.Streaming.PoolSize:1000]]
[2022.04.09-20.13.35:367][  0]LogConfig: Setting CVar [[r.Streaming.MaxEffectiveScreenSize:0]]
[2022.04.09-20.13.35:367][  0]LogConfig: Applying CVar settings from Section [EffectsQuality@3] File [F:/Unreal Files/GAME159-Assignment/Saved/Config/Windows/Scalability.ini]
[2022.04.09-20.13.35:367][  0]LogConfig: Setting CVar [[r.TranslucencyLightingVolumeDim:64]]
[2022.04.09-20.13.35:367][  0]LogConfig: Setting CVar [[r.RefractionQuality:2]]
[2022.04.09-20.13.35:367][  0]LogConfig: Setting CVar [[r.SSR.Quality:3]]
[2022.04.09-20.13.35:367][  0]LogConfig: Setting CVar [[r.SSR.HalfResSceneColor:0]]
[2022.04.09-20.13.35:367][  0]LogConfig: Setting CVar [[r.SceneColorFormat:4]]
[2022.04.09-20.13.35:367][  0]LogConfig: Setting CVar [[r.DetailMode:2]]
[2022.04.09-20.13.35:367][  0]LogConfig: Setting CVar [[r.TranslucencyVolumeBlur:1]]
[2022.04.09-20.13.35:367][  0]LogConfig: Setting CVar [[r.MaterialQualityLevel:1 ; High quality]]
[2022.04.09-20.13.35:367][  0]LogConfig: Setting CVar [[r.AnisotropicMaterials:1]]
[2022.04.09-20.13.35:367][  0]LogConfig: Setting CVar [[r.SSS.Scale:1]]
[2022.04.09-20.13.35:367][  0]LogConfig: Setting CVar [[r.SSS.SampleSet:2]]
[2022.04.09-20.13.35:367][  0]LogConfig: Setting CVar [[r.SSS.Quality:1]]
[2022.04.09-20.13.35:367][  0]LogConfig: Setting CVar [[r.SSS.HalfRes:0]]
[2022.04.09-20.13.35:367][  0]LogConfig: Setting CVar [[r.SSGI.Quality:3]]
[2022.04.09-20.13.35:367][  0]LogConfig: Setting CVar [[r.EmitterSpawnRateScale:1.0]]
[2022.04.09-20.13.35:367][  0]LogConfig: Setting CVar [[r.ParticleLightQuality:2]]
[2022.04.09-20.13.35:367][  0]LogConfig: Setting CVar [[r.SkyAtmosphere.AerialPerspectiveLUT.FastApplyOnOpaque:1 ; Always have FastSkyLUT 1 in this case to avoid wrong sky]]
[2022.04.09-20.13.35:367][  0]LogConfig: Setting CVar [[r.SkyAtmosphere.AerialPerspectiveLUT.SampleCountMaxPerSlice:4]]
[2022.04.09-20.13.35:367][  0]LogConfig: Setting CVar [[r.SkyAtmosphere.AerialPerspectiveLUT.DepthResolution:16.0]]
[2022.04.09-20.13.35:367][  0]LogConfig: Setting CVar [[r.SkyAtmosphere.FastSkyLUT:1]]
[2022.04.09-20.13.35:367][  0]LogConfig: Setting CVar [[r.SkyAtmosphere.FastSkyLUT.SampleCountMin:4.0]]
[2022.04.09-20.13.35:367][  0]LogConfig: Setting CVar [[r.SkyAtmosphere.FastSkyLUT.SampleCountMax:128.0]]
[2022.04.09-20.13.35:367][  0]LogConfig: Setting CVar [[r.SkyAtmosphere.SampleCountMin:4.0]]
[2022.04.09-20.13.35:367][  0]LogConfig: Setting CVar [[r.SkyAtmosphere.SampleCountMax:128.0]]
[2022.04.09-20.13.35:367][  0]LogConfig: Setting CVar [[r.SkyAtmosphere.TransmittanceLUT.UseSmallFormat:0]]
[2022.04.09-20.13.35:367][  0]LogConfig: Setting CVar [[r.SkyAtmosphere.TransmittanceLUT.SampleCount:10.0]]
[2022.04.09-20.13.35:367][  0]LogConfig: Setting CVar [[r.SkyAtmosphere.MultiScatteringLUT.SampleCount:15.0]]
[2022.04.09-20.13.35:367][  0]LogConfig: Setting CVar [[r.SkyLight.RealTimeReflectionCapture:1]]
[2022.04.09-20.13.35:367][  0]LogConfig: Applying CVar settings from Section [FoliageQuality@3] File [F:/Unreal Files/GAME159-Assignment/Saved/Config/Windows/Scalability.ini]
[2022.04.09-20.13.35:367][  0]LogConfig: Setting CVar [[foliage.DensityScale:1.0]]
[2022.04.09-20.13.35:367][  0]LogConfig: Setting CVar [[grass.DensityScale:1.0]]
[2022.04.09-20.13.35:367][  0]LogConfig: Applying CVar settings from Section [ShadingQuality@3] File [F:/Unreal Files/GAME159-Assignment/Saved/Config/Windows/Scalability.ini]
[2022.04.09-20.13.35:367][  0]LogConfig: Setting CVar [[r.HairStrands.SkyLighting.IntegrationType:2]]
[2022.04.09-20.13.35:367][  0]LogConfig: Setting CVar [[r.HairStrands.SkyAO.SampleCount:4]]
[2022.04.09-20.13.35:367][  0]LogConfig: Setting CVar [[r.HairStrands.Visibility.MSAA.SamplePerPixel:4]]
[2022.04.09-20.13.35:424][  0]LogInit: Selected Device Profile: [Windows]
[2022.04.09-20.13.35:424][  0]LogInit: Applying CVar settings loaded from the selected device profile: [Windows]
[2022.04.09-20.13.35:431][  0]LogHAL: Display: Platform has ~ 16 GB [17009455104 / 17179869184 / 16], which maps to Larger [LargestMinGB=32, LargerMinGB=12, DefaultMinGB=8, SmallerMinGB=6, SmallestMinGB=0)
[2022.04.09-20.13.35:431][  0]LogInit: Going up to parent DeviceProfile []
[2022.04.09-20.13.35:437][  0]LogConfig: Applying CVar settings from Section [ViewDistanceQuality@3] File [F:/Unreal Files/GAME159-Assignment/Saved/Config/Windows/Scalability.ini]
[2022.04.09-20.13.35:437][  0]LogConfig: Setting CVar [[r.SkeletalMeshLODBias:0]]
[2022.04.09-20.13.35:437][  0]LogConfig: Setting CVar [[r.ViewDistanceScale:1.0]]
[2022.04.09-20.13.35:437][  0]LogConfig: Applying CVar settings from Section [AntiAliasingQuality@3] File [F:/Unreal Files/GAME159-Assignment/Saved/Config/Windows/Scalability.ini]
[2022.04.09-20.13.35:437][  0]LogConfig: Setting CVar [[r.PostProcessAAQuality:4]]
[2022.04.09-20.13.35:437][  0]LogConfig: Applying CVar settings from Section [ShadowQuality@3] File [F:/Unreal Files/GAME159-Assignment/Saved/Config/Windows/Scalability.ini]
[2022.04.09-20.13.35:437][  0]LogConfig: Setting CVar [[r.LightFunctionQuality:1]]
[2022.04.09-20.13.35:437][  0]LogConfig: Setting CVar [[r.ShadowQuality:5]]
[2022.04.09-20.13.35:437][  0]LogConfig: Setting CVar [[r.Shadow.CSM.MaxCascades:10]]
[2022.04.09-20.13.35:437][  0]LogConfig: Setting CVar [[r.Shadow.MaxResolution:2048]]
[2022.04.09-20.13.35:437][  0]LogConfig: Setting CVar [[r.Shadow.MaxCSMResolution:2048]]
[2022.04.09-20.13.35:437][  0]LogConfig: Setting CVar [[r.Shadow.RadiusThreshold:0.01]]
[2022.04.09-20.13.35:437][  0]LogConfig: Setting CVar [[r.Shadow.DistanceScale:1.0]]
[2022.04.09-20.13.35:437][  0]LogConfig: Setting CVar [[r.Shadow.CSM.TransitionScale:1.0]]
[2022.04.09-20.13.35:437][  0]LogConfig: Setting CVar [[r.Shadow.PreShadowResolutionFactor:1.0]]
[2022.04.09-20.13.35:437][  0]LogConfig: Setting CVar [[r.DistanceFieldShadowing:1]]
[2022.04.09-20.13.35:437][  0]LogConfig: Setting CVar [[r.DistanceFieldAO:1]]
[2022.04.09-20.13.35:437][  0]LogConfig: Setting CVar [[r.AOQuality:2]]
[2022.04.09-20.13.35:437][  0]LogConfig: Setting CVar [[r.VolumetricFog:1]]
[2022.04.09-20.13.35:437][  0]LogConfig: Setting CVar [[r.VolumetricFog.GridPixelSize:8]]
[2022.04.09-20.13.35:437][  0]LogConfig: Setting CVar [[r.VolumetricFog.GridSizeZ:128]]
[2022.04.09-20.13.35:437][  0]LogConfig: Setting CVar [[r.VolumetricFog.HistoryMissSupersampleCount:4]]
[2022.04.09-20.13.35:437][  0]LogConfig: Setting CVar [[r.LightMaxDrawDistanceScale:1]]
[2022.04.09-20.13.35:437][  0]LogConfig: Setting CVar [[r.CapsuleShadows:1]]
[2022.04.09-20.13.35:437][  0]LogConfig: Applying CVar settings from Section [PostProcessQuality@3] File [F:/Unreal Files/GAME159-Assignment/Saved/Config/Windows/Scalability.ini]
[2022.04.09-20.13.35:437][  0]LogConfig: Setting CVar [[r.MotionBlurQuality:4]]
[2022.04.09-20.13.35:437][  0]LogConfig: Setting CVar [[r.AmbientOcclusionMipLevelFactor:0.4]]
[2022.04.09-20.13.35:437][  0]LogConfig: Setting CVar [[r.AmbientOcclusionMaxQuality:100]]
[2022.04.09-20.13.35:437][  0]LogConfig: Setting CVar [[r.AmbientOcclusionLevels:-1]]
[2022.04.09-20.13.35:437][  0]LogConfig: Setting CVar [[r.AmbientOcclusionRadiusScale:1.0]]
[2022.04.09-20.13.35:437][  0]LogConfig: Setting CVar [[r.DepthOfFieldQuality:2]]
[2022.04.09-20.13.35:437][  0]LogConfig: Setting CVar [[r.RenderTargetPoolMin:400]]
[2022.04.09-20.13.35:437][  0]LogConfig: Setting CVar [[r.LensFlareQuality:2]]
[2022.04.09-20.13.35:437][  0]LogConfig: Setting CVar [[r.SceneColorFringeQuality:1]]
[2022.04.09-20.13.35:437][  0]LogConfig: Setting CVar [[r.EyeAdaptationQuality:2]]
[2022.04.09-20.13.35:437][  0]LogConfig: Setting CVar [[r.BloomQuality:5]]
[2022.04.09-20.13.35:437][  0]LogConfig: Setting CVar [[r.FastBlurThreshold:100]]
[2022.04.09-20.13.35:437][  0]LogConfig: Setting CVar [[r.Upscale.Quality:3]]
[2022.04.09-20.13.35:437][  0]LogConfig: Setting CVar [[r.Tonemapper.GrainQuantization:1]]
[2022.04.09-20.13.35:437][  0]LogConfig: Setting CVar [[r.LightShaftQuality:1]]
[2022.04.09-20.13.35:438][  0]LogConfig: Setting CVar [[r.Filter.SizeScale:1]]
[2022.04.09-20.13.35:438][  0]LogConfig: Setting CVar [[r.Tonemapper.Quality:5]]
[2022.04.09-20.13.35:438][  0]LogConfig: Setting CVar [[r.DOF.Gather.AccumulatorQuality:1        ; higher gathering accumulator quality]]
[2022.04.09-20.13.35:438][  0]LogConfig: Setting CVar [[r.DOF.Gather.PostfilterMethod:1          ; Median3x3 postfilering method]]
[2022.04.09-20.13.35:438][  0]LogConfig: Setting CVar [[r.DOF.Gather.EnableBokehSettings:0       ; no bokeh simulation when gathering]]
[2022.04.09-20.13.35:438][  0]LogConfig: Setting CVar [[r.DOF.Gather.RingCount:4                 ; medium number of samples when gathering]]
[2022.04.09-20.13.35:438][  0]LogConfig: Setting CVar [[r.DOF.Scatter.ForegroundCompositing:1    ; additive foreground scattering]]
[2022.04.09-20.13.35:438][  0]LogConfig: Setting CVar [[r.DOF.Scatter.BackgroundCompositing:2    ; additive background scattering]]
[2022.04.09-20.13.35:438][  0]LogConfig: Setting CVar [[r.DOF.Scatter.EnableBokehSettings:1      ; bokeh simulation when scattering]]
[2022.04.09-20.13.35:438][  0]LogConfig: Setting CVar [[r.DOF.Scatter.MaxSpriteRatio:0.1         ; only a maximum of 10% of scattered bokeh]]
[2022.04.09-20.13.35:438][  0]LogConfig: Setting CVar [[r.DOF.Recombine.Quality:1                ; cheap slight out of focus]]
[2022.04.09-20.13.35:438][  0]LogConfig: Setting CVar [[r.DOF.Recombine.EnableBokehSettings:0    ; no bokeh simulation on slight out of focus]]
[2022.04.09-20.13.35:438][  0]LogConfig: Setting CVar [[r.DOF.TemporalAAQuality:1                ; more stable temporal accumulation]]
[2022.04.09-20.13.35:438][  0]LogConfig: Setting CVar [[r.DOF.Kernel.MaxForegroundRadius:0.025]]
[2022.04.09-20.13.35:438][  0]LogConfig: Setting CVar [[r.DOF.Kernel.MaxBackgroundRadius:0.025]]
[2022.04.09-20.13.35:438][  0]LogConfig: Applying CVar settings from Section [TextureQuality@3] File [F:/Unreal Files/GAME159-Assignment/Saved/Config/Windows/Scalability.ini]
[2022.04.09-20.13.35:438][  0]LogConfig: Setting CVar [[r.Streaming.MipBias:0]]
[2022.04.09-20.13.35:438][  0]LogConfig: Setting CVar [[r.Streaming.AmortizeCPUToGPUCopy:0]]
[2022.04.09-20.13.35:438][  0]LogConfig: Setting CVar [[r.Streaming.MaxNumTexturesToStreamPerFrame:0]]
[2022.04.09-20.13.35:438][  0]LogConfig: Setting CVar [[r.Streaming.Boost:1]]
[2022.04.09-20.13.35:438][  0]LogConfig: Setting CVar [[r.MaxAnisotropy:8]]
[2022.04.09-20.13.35:438][  0]LogConfig: Setting CVar [[r.VT.MaxAnisotropy:8]]
[2022.04.09-20.13.35:438][  0]LogConfig: Setting CVar [[r.Streaming.LimitPoolSizeToVRAM:0]]
[2022.04.09-20.13.35:438][  0]LogConfig: Setting CVar [[r.Streaming.PoolSize:1000]]
[2022.04.09-20.13.35:438][  0]LogConfig: Setting CVar [[r.Streaming.MaxEffectiveScreenSize:0]]
[2022.04.09-20.13.35:438][  0]LogConfig: Applying CVar settings from Section [EffectsQuality@3] File [F:/Unreal Files/GAME159-Assignment/Saved/Config/Windows/Scalability.ini]
[2022.04.09-20.13.35:438][  0]LogConfig: Setting CVar [[r.TranslucencyLightingVolumeDim:64]]
[2022.04.09-20.13.35:438][  0]LogConfig: Setting CVar [[r.RefractionQuality:2]]
[2022.04.09-20.13.35:438][  0]LogConfig: Setting CVar [[r.SSR.Quality:3]]
[2022.04.09-20.13.35:438][  0]LogConfig: Setting CVar [[r.SSR.HalfResSceneColor:0]]
[2022.04.09-20.13.35:438][  0]LogConfig: Setting CVar [[r.SceneColorFormat:4]]
[2022.04.09-20.13.35:438][  0]LogConfig: Setting CVar [[r.DetailMode:2]]
[2022.04.09-20.13.35:438][  0]LogConfig: Setting CVar [[r.TranslucencyVolumeBlur:1]]
[2022.04.09-20.13.35:438][  0]LogConfig: Setting CVar [[r.MaterialQualityLevel:1 ; High quality]]
[2022.04.09-20.13.35:438][  0]LogConfig: Setting CVar [[r.AnisotropicMaterials:1]]
[2022.04.09-20.13.35:438][  0]LogConfig: Setting CVar [[r.SSS.Scale:1]]
[2022.04.09-20.13.35:438][  0]LogConfig: Setting CVar [[r.SSS.SampleSet:2]]
[2022.04.09-20.13.35:438][  0]LogConfig: Setting CVar [[r.SSS.Quality:1]]
[2022.04.09-20.13.35:438][  0]LogConfig: Setting CVar [[r.SSS.HalfRes:0]]
[2022.04.09-20.13.35:438][  0]LogConfig: Setting CVar [[r.SSGI.Quality:3]]
[2022.04.09-20.13.35:438][  0]LogConfig: Setting CVar [[r.EmitterSpawnRateScale:1.0]]
[2022.04.09-20.13.35:438][  0]LogConfig: Setting CVar [[r.ParticleLightQuality:2]]
[2022.04.09-20.13.35:438][  0]LogConfig: Setting CVar [[r.SkyAtmosphere.AerialPerspectiveLUT.FastApplyOnOpaque:1 ; Always have FastSkyLUT 1 in this case to avoid wrong sky]]
[2022.04.09-20.13.35:438][  0]LogConfig: Setting CVar [[r.SkyAtmosphere.AerialPerspectiveLUT.SampleCountMaxPerSlice:4]]
[2022.04.09-20.13.35:438][  0]LogConfig: Setting CVar [[r.SkyAtmosphere.AerialPerspectiveLUT.DepthResolution:16.0]]
[2022.04.09-20.13.35:438][  0]LogConfig: Setting CVar [[r.SkyAtmosphere.FastSkyLUT:1]]
[2022.04.09-20.13.35:438][  0]LogConfig: Setting CVar [[r.SkyAtmosphere.FastSkyLUT.SampleCountMin:4.0]]
[2022.04.09-20.13.35:438][  0]LogConfig: Setting CVar [[r.SkyAtmosphere.FastSkyLUT.SampleCountMax:128.0]]
[2022.04.09-20.13.35:438][  0]LogConfig: Setting CVar [[r.SkyAtmosphere.SampleCountMin:4.0]]
[2022.04.09-20.13.35:438][  0]LogConfig: Setting CVar [[r.SkyAtmosphere.SampleCountMax:128.0]]
[2022.04.09-20.13.35:438][  0]LogConfig: Setting CVar [[r.SkyAtmosphere.TransmittanceLUT.UseSmallFormat:0]]
[2022.04.09-20.13.35:438][  0]LogConfig: Setting CVar [[r.SkyAtmosphere.TransmittanceLUT.SampleCount:10.0]]
[2022.04.09-20.13.35:438][  0]LogConfig: Setting CVar [[r.SkyAtmosphere.MultiScatteringLUT.SampleCount:15.0]]
[2022.04.09-20.13.35:438][  0]LogConfig: Setting CVar [[r.SkyLight.RealTimeReflectionCapture:1]]
[2022.04.09-20.13.35:438][  0]LogConfig: Applying CVar settings from Section [FoliageQuality@3] File [F:/Unreal Files/GAME159-Assignment/Saved/Config/Windows/Scalability.ini]
[2022.04.09-20.13.35:438][  0]LogConfig: Setting CVar [[foliage.DensityScale:1.0]]
[2022.04.09-20.13.35:438][  0]LogConfig: Setting CVar [[grass.DensityScale:1.0]]
[2022.04.09-20.13.35:438][  0]LogConfig: Applying CVar settings from Section [ShadingQuality@3] File [F:/Unreal Files/GAME159-Assignment/Saved/Config/Windows/Scalability.ini]
[2022.04.09-20.13.35:438][  0]LogConfig: Setting CVar [[r.HairStrands.SkyLighting.IntegrationType:2]]
[2022.04.09-20.13.35:438][  0]LogConfig: Setting CVar [[r.HairStrands.SkyAO.SampleCount:4]]
[2022.04.09-20.13.35:438][  0]LogConfig: Setting CVar [[r.HairStrands.Visibility.MSAA.SamplePerPixel:4]]
[2022.04.09-20.13.35:438][  0]LogConfig: Applying CVar settings from Section [Startup] File [../../../Engine/Config/ConsoleVariables.ini]
[2022.04.09-20.13.35:460][  0]LogConfig: Setting CVar [[net.UseAdaptiveNetUpdateFrequency:0]]
[2022.04.09-20.13.35:460][  0]LogConfig: Setting CVar [[p.chaos.AllowCreatePhysxBodies:1]]
[2022.04.09-20.13.35:460][  0]LogConfig: Setting CVar [[fx.SkipVectorVMBackendOptimizations:1]]
[2022.04.09-20.13.35:460][  0]LogConfig: Applying CVar settings from Section [ConsoleVariables] File [F:/Unreal Files/GAME159-Assignment/Saved/Config/Windows/Engine.ini]
[2022.04.09-20.13.35:460][  0]LogConfig: Applying CVar settings from Section [ConsoleVariables] File [F:/Unreal Files/GAME159-Assignment/Saved/Config/Windows/Editor.ini]
[2022.04.09-20.13.35:492][  0]LogInit: Computer: DESKTOP-O54NPSC
[2022.04.09-20.13.35:492][  0]LogInit: User: Matthew
[2022.04.09-20.13.35:492][  0]LogInit: CPU Page size=4096, Cores=6
[2022.04.09-20.13.35:492][  0]LogInit: High frequency timer resolution =10.000000 MHz
[2022.04.09-20.13.35:492][  0]LogMemory: Memory total: Physical=15.8GB (16GB approx)
[2022.04.09-20.13.35:492][  0]LogMemory: Platform Memory Stats for Windows
[2022.04.09-20.13.35:492][  0]LogMemory: Process Physical Memory: 145.59 MB used, 145.59 MB peak
[2022.04.09-20.13.35:492][  0]LogMemory: Process Virtual Memory: 123.89 MB used, 123.89 MB peak
[2022.04.09-20.13.35:492][  0]LogMemory: Physical Memory: 11537.66 MB used,  4683.82 MB free, 16221.48 MB total
[2022.04.09-20.13.35:492][  0]LogMemory: Virtual Memory: 134210520.00 MB used,  7204.23 MB free, 134217728.00 MB total
[2022.04.09-20.13.35:500][  0]LogWindows: WindowsPlatformFeatures enabled
[2022.04.09-20.13.36:437][  0]LogInit: Physics initialised using underlying interface: PhysX
[2022.04.09-20.13.36:464][  0]LogInit: Using OS detected language (en-US).
[2022.04.09-20.13.36:464][  0]LogInit: Using OS detected locale (en-CA).
[2022.04.09-20.13.36:719][  0]LogTextLocalizationManager: No specific localization for 'en-US' exists, so the 'en' localization will be used.
[2022.04.09-20.13.37:289][  0]LogInit: Setting process to per monitor DPI aware
[2022.04.09-20.13.37:488][  0]LogWindowsTextInputMethodSystem: Display: IME system deactivated.
[2022.04.09-20.13.37:928][  0]LogSlate: New Slate User Created.  User Index 0, Is Virtual User: 0
[2022.04.09-20.13.37:929][  0]LogSlate: Slate User Registered.  User Index 0, Is Virtual User: 0
[2022.04.09-20.13.41:087][  0]LogD3D11RHI: Loaded GFSDK_Aftermath_Lib.x64.dll
[2022.04.09-20.13.41:106][  0]LogHMD: Failed to initialize OpenVR with code 110
[2022.04.09-20.13.41:106][  0]LogD3D11RHI: D3D11 min allowed feature level: 11_0
[2022.04.09-20.13.41:106][  0]LogD3D11RHI: D3D11 max allowed feature level: 11_0
[2022.04.09-20.13.41:106][  0]LogD3D11RHI: D3D11 adapters:
[2022.04.09-20.13.41:202][  0]LogD3D11RHI:    0. 'NVIDIA GeForce GTX 1660 Ti' (Feature Level 11_0)
[2022.04.09-20.13.41:202][  0]LogD3D11RHI:       5991/0/8110 MB DedicatedVideo/DedicatedSystem/SharedSystem, Outputs:2, VendorId:0x10de
[2022.04.09-20.13.41:216][  0]LogD3D11RHI:    1. 'Microsoft Basic Render Driver' (Feature Level 11_0)
[2022.04.09-20.13.41:216][  0]LogD3D11RHI:       0/0/8110 MB DedicatedVideo/DedicatedSystem/SharedSystem, Outputs:0, VendorId:0x1414
[2022.04.09-20.13.41:216][  0]LogD3D11RHI: Chosen D3D11 Adapter:
[2022.04.09-20.13.41:216][  0]LogD3D11RHI:     Description : NVIDIA GeForce GTX 1660 Ti
[2022.04.09-20.13.41:216][  0]LogD3D11RHI:     VendorId    : 10de
[2022.04.09-20.13.41:216][  0]LogD3D11RHI:     DeviceId    : 2182
[2022.04.09-20.13.41:216][  0]LogD3D11RHI:     SubSysId    : 12613842
[2022.04.09-20.13.41:216][  0]LogD3D11RHI:     Revision    : 00a1
[2022.04.09-20.13.41:216][  0]LogD3D11RHI:     DedicatedVideoMemory : 6282018816 bytes
[2022.04.09-20.13.41:216][  0]LogD3D11RHI:     DedicatedSystemMemory : 0 bytes
[2022.04.09-20.13.41:216][  0]LogD3D11RHI:     SharedSystemMemory : 8504727552 bytes
[2022.04.09-20.13.41:216][  0]LogD3D11RHI:     AdapterLuid : 0 70979
[2022.04.09-20.13.41:231][  0]LogD3D11RHI: Creating new Direct3DDevice
[2022.04.09-20.13.41:231][  0]LogD3D11RHI:     GPU DeviceId: 0x2182 (for the marketing name, search the web for "GPU Device Id")
[2022.04.09-20.13.41:231][  0]LogWindows: EnumDisplayDevices:
[2022.04.09-20.13.41:231][  0]LogWindows:    0. 'NVIDIA GeForce GTX 1660 Ti' (P:0 D:1)
[2022.04.09-20.13.41:231][  0]LogWindows:    1. 'NVIDIA GeForce GTX 1660 Ti' (P:1 D:1)
[2022.04.09-20.13.41:231][  0]LogWindows:    2. 'NVIDIA GeForce GTX 1660 Ti' (P:0 D:0)
[2022.04.09-20.13.41:232][  0]LogWindows:    3. 'NVIDIA GeForce GTX 1660 Ti' (P:0 D:0)
[2022.04.09-20.13.41:232][  0]LogWindows: DebugString: FoundDriverCount:4 
[2022.04.09-20.13.41:232][  0]LogD3D11RHI:     Adapter Name: NVIDIA GeForce GTX 1660 Ti
[2022.04.09-20.13.41:232][  0]LogD3D11RHI:   Driver Version: 511.79 (internal:30.0.15.1179, unified:511.79)
[2022.04.09-20.13.41:232][  0]LogD3D11RHI:      Driver Date: 2-10-2022
[2022.04.09-20.13.41:232][  0]LogRHI: Texture pool is 4193 MB (70% of 5991 MB)
[2022.04.09-20.13.41:232][  0]LogD3D11RHI: Creating D3DDevice using adapter:
[2022.04.09-20.13.41:232][  0]LogD3D11RHI:     Description : NVIDIA GeForce GTX 1660 Ti
[2022.04.09-20.13.41:232][  0]LogD3D11RHI:     VendorId    : 10de
[2022.04.09-20.13.41:232][  0]LogD3D11RHI:     DeviceId    : 2182
[2022.04.09-20.13.41:232][  0]LogD3D11RHI:     SubSysId    : 12613842
[2022.04.09-20.13.41:232][  0]LogD3D11RHI:     Revision    : 00a1
[2022.04.09-20.13.41:232][  0]LogD3D11RHI:     DedicatedVideoMemory : 6282018816 bytes
[2022.04.09-20.13.41:232][  0]LogD3D11RHI:     DedicatedSystemMemory : 0 bytes
[2022.04.09-20.13.41:232][  0]LogD3D11RHI:     SharedSystemMemory : 8504727552 bytes
[2022.04.09-20.13.41:232][  0]LogD3D11RHI:     AdapterLuid : 0 70979
[2022.04.09-20.13.41:292][  0]LogD3D11RHI: RHI has support for 64 bit atomics
[2022.04.09-20.13.41:293][  0]LogD3D11RHI: Async texture creation enabled
[2022.04.09-20.13.41:293][  0]LogD3D11RHI: Array index from any shader is supported
[2022.04.09-20.13.41:598][  0]LogD3D11RHI: GPU Timing Frequency: 1000.000000 (Debug: 2 1)
[2022.04.09-20.13.41:797][  0]LogRHI: GeForceNow SDK initialized: 1
[2022.04.09-20.13.42:725][  0]LogTargetPlatformManager: Display: Loaded TargetPlatform 'AllDesktop'
[2022.04.09-20.13.42:751][  0]LogTargetPlatformManager: Display: Loaded TargetPlatform 'Android'
[2022.04.09-20.13.42:751][  0]LogTargetPlatformManager: Display: Loaded TargetPlatform 'Android_ASTC'
[2022.04.09-20.13.42:751][  0]LogTargetPlatformManager: Display: Loaded TargetPlatform 'Android_DXT'
[2022.04.09-20.13.42:751][  0]LogTargetPlatformManager: Display: Loaded TargetPlatform 'Android_ETC2'
[2022.04.09-20.13.42:752][  0]LogTargetPlatformManager: Display: Loaded TargetPlatform 'AndroidClient'
[2022.04.09-20.13.42:752][  0]LogTargetPlatformManager: Display: Loaded TargetPlatform 'Android_ASTCClient'
[2022.04.09-20.13.42:752][  0]LogTargetPlatformManager: Display: Loaded TargetPlatform 'Android_DXTClient'
[2022.04.09-20.13.42:752][  0]LogTargetPlatformManager: Display: Loaded TargetPlatform 'Android_ETC2Client'
[2022.04.09-20.13.42:752][  0]LogTargetPlatformManager: Display: Loaded TargetPlatform 'Android_Multi'
[2022.04.09-20.13.42:752][  0]LogTargetPlatformManager: Display: Loaded TargetPlatform 'Android_MultiClient'
[2022.04.09-20.13.42:869][  0]LogTargetPlatformManager: Display: Loaded TargetPlatform 'IOSClient'
[2022.04.09-20.13.42:869][  0]LogTargetPlatformManager: Display: Loaded TargetPlatform 'IOS'
[2022.04.09-20.13.42:975][  0]LogTargetPlatformManager: Display: Loaded TargetPlatform 'Linux'
[2022.04.09-20.13.43:005][  0]LogTargetPlatformManager: Display: Loaded TargetPlatform 'LinuxNoEditor'
[2022.04.09-20.13.43:030][  0]LogTargetPlatformManager: Display: Loaded TargetPlatform 'LinuxClient'
[2022.04.09-20.13.43:060][  0]LogTargetPlatformManager: Display: Loaded TargetPlatform 'LinuxServer'
[2022.04.09-20.13.43:165][  0]LogTargetPlatformManager: Display: Loaded TargetPlatform 'LinuxAArch64NoEditor'
[2022.04.09-20.13.43:206][  0]LogTargetPlatformManager: Display: Loaded TargetPlatform 'LinuxAArch64Client'
[2022.04.09-20.13.43:235][  0]LogTargetPlatformManager: Display: Loaded TargetPlatform 'LinuxAArch64Server'
[2022.04.09-20.13.43:287][  0]LogTargetPlatformManager: Display: Loaded TargetPlatform 'Lumin'
[2022.04.09-20.13.43:287][  0]LogTargetPlatformManager: Display: Loaded TargetPlatform 'LuminClient'
[2022.04.09-20.13.43:340][  0]LogTargetPlatformManager: Display: Loaded TargetPlatform 'MacNoEditor'
[2022.04.09-20.13.43:367][  0]LogTargetPlatformManager: Display: Loaded TargetPlatform 'Mac'
[2022.04.09-20.13.43:411][  0]LogTargetPlatformManager: Display: Loaded TargetPlatform 'MacClient'
[2022.04.09-20.13.43:442][  0]LogTargetPlatformManager: Display: Loaded TargetPlatform 'MacServer'
[2022.04.09-20.13.43:474][  0]LogTargetPlatformManager: Display: Loaded TargetPlatform 'TVOSClient'
[2022.04.09-20.13.43:474][  0]LogTargetPlatformManager: Display: Loaded TargetPlatform 'TVOS'
[2022.04.09-20.13.43:508][  0]LogTargetPlatformManager: Display: Loaded TargetPlatform 'WindowsNoEditor'
[2022.04.09-20.13.43:548][  0]LogTargetPlatformManager: Display: Loaded TargetPlatform 'Windows'
[2022.04.09-20.13.43:586][  0]LogTargetPlatformManager: Display: Loaded TargetPlatform 'WindowsClient'
[2022.04.09-20.13.43:628][  0]LogTargetPlatformManager: Display: Loaded TargetPlatform 'WindowsServer'
[2022.04.09-20.13.43:628][  0]LogTargetPlatformManager: Display: Building Assets For Windows
[2022.04.09-20.13.44:088][  0]LogAudioDebug: Display: Lib vorbis DLL was dynamically loaded.
[2022.04.09-20.13.44:510][  0]LogTextureFormatOodle: Display: Oodle Texture 2.9.0 init RDO Off
[2022.04.09-20.13.45:305][  0]LogRendererCore: Ray tracing is disabled. Reason: r.RayTracing=0.
[2022.04.09-20.13.45:307][  0]LogShaderCompilers: Guid format shader working directory is 2 characters bigger than the processId version (../../../../../Unreal Files/GAME159-Assignment/Intermediate/Shaders/WorkingDirectory/4780/).
[2022.04.09-20.13.45:307][  0]LogShaderCompilers: Cleaned the shader compiler working directory 'C:/Users/Matthew/AppData/Local/Temp/UnrealShaderWorkingDir/DF1D39984B3FE7138E2C949A5AA85BC7/'.
[2022.04.09-20.13.45:328][  0]LogXGEController: Cannot use XGE Controller as Incredibuild is not installed on this machine.
[2022.04.09-20.13.45:328][  0]LogShaderCompilers: Cannot use XGE Shader Compiler as Incredibuild is not installed on this machine.
[2022.04.09-20.13.45:328][  0]LogShaderCompilers: Display: Using Local Shader Compiler.
[2022.04.09-20.13.49:506][  0]LogDerivedDataCache: Display: Max Cache Size: 512 MB
[2022.04.09-20.13.49:734][  0]LogDerivedDataCache: Loaded boot cache 0.23s 94MB C:/Users/Matthew/AppData/Local/UnrealEngine/4.27/DerivedDataCache/Boot.ddc.
[2022.04.09-20.13.49:735][  0]LogDerivedDataCache: Display: Loaded Boot cache: C:/Users/Matthew/AppData/Local/UnrealEngine/4.27/DerivedDataCache/Boot.ddc
[2022.04.09-20.13.49:735][  0]LogDerivedDataCache: FDerivedDataBackendGraph:  Pak pak cache file ../../../../../Unreal Files/GAME159-Assignment/DerivedDataCache/DDC.ddp not found, will not use a pak cache.
[2022.04.09-20.13.49:736][  0]LogDerivedDataCache: Unable to find inner node Pak for hierarchical cache Hierarchy.
[2022.04.09-20.13.49:736][  0]LogDerivedDataCache: FDerivedDataBackendGraph:  CompressedPak pak cache file ../../../../../Unreal Files/GAME159-Assignment/DerivedDataCache/Compressed.ddp not found, will not use a pak cache.
[2022.04.09-20.13.49:736][  0]LogDerivedDataCache: Unable to find inner node CompressedPak for hierarchical cache Hierarchy.
[2022.04.09-20.13.49:800][  0]LogDerivedDataCache: Display: Pak cache opened for reading ../../../Engine/DerivedDataCache/Compressed.ddp.
[2022.04.09-20.13.49:800][  0]LogDerivedDataCache: FDerivedDataBackendGraph:  EnterprisePak pak cache file ../../../Enterprise/DerivedDataCache/Compressed.ddp not found, will not use a pak cache.
[2022.04.09-20.13.49:800][  0]LogDerivedDataCache: Unable to find inner node EnterprisePak for hierarchical cache Hierarchy.
[2022.04.09-20.13.49:844][  0]LogDerivedDataCache: Speed tests for C:/Users/Matthew/AppData/Local/UnrealEngine/Common/DerivedDataCache took 0.04 seconds
[2022.04.09-20.13.49:844][  0]LogDerivedDataCache: Display: Performance to C:/Users/Matthew/AppData/Local/UnrealEngine/Common/DerivedDataCache: Latency=0.21ms. RandomReadSpeed=25.03MBs, RandomWriteSpeed=214.85MBs. Assigned SpeedClass 'Local'
[2022.04.09-20.13.49:844][  0]LogDerivedDataCache: Using Local data cache path C:/Users/Matthew/AppData/Local/UnrealEngine/Common/DerivedDataCache: Writable
[2022.04.09-20.13.49:845][  0]LogDerivedDataCache: Shared data cache path not found in *engine.ini, will not use an Shared cache.
[2022.04.09-20.13.49:845][  0]LogDerivedDataCache: Unable to find inner node Shared for hierarchical cache Hierarchy.
[2022.04.09-20.13.49:975][  0]LogSlate: Using FreeType 2.10.0
[2022.04.09-20.13.50:159][  0]LogSlate: SlateFontServices - WITH_FREETYPE: 1, WITH_HARFBUZZ: 1
[2022.04.09-20.13.50:693][  0]LogAssetRegistry: FAssetRegistry took 0.0243 seconds to start up
[2022.04.09-20.13.53:448][  0]LogInit: Selected Device Profile: [Windows]
[2022.04.09-20.13.53:448][  0]LogInit: Active device profile: [000001CE01CE0A00][000001CE7469A4C0 49] Windows
[2022.04.09-20.13.53:448][  0]LogInit: Profiles: [000001CE01CE0A00][000001CE7469A4C0 49] Windows, [000001CE01C46000][000001CE7469E600 49] WindowsNoEditor, [000001CE01CE3500][000001CE74876740 49] WindowsServer, [000001CE01C44E00][000001CE7487A880 49] WindowsClient, [000001CE01CE3300][000001CE7487E9C0 49] IOS, [000001CE01C44C00][000001CE01AF4B40 49] iPadAir, [000001CE01CE2000][000001CE01AF8CC0 49] iPadAir2, [000001CE02BB4C00][000001CE01B00F80 49] IPadPro, [000001CE02BB4D00][000001CE01AFCFC0 49] iPadAir3, [000001CE01C47900][000001CE01B05140 49] iPadAir4, [000001CE02BB7200][000001CE01B092C0 49] iPadMini2, [000001CE01C47000][000001CE01B0D440 49] iPadMini3, [000001CE02BB5700][000001CE01B115C0 49] iPadMini4, [000001CE01C46900][000001CE01B15740 49] iPadMini5, [000001CE02BE0500][000001CE01B1DA00 49] iPhone6, [000001CE02BE0600][000001CE01B19A40 49] iPodTouch6, [000001CE02BB7800][000001CE01B24180 49] iPhone7, [000001CE02BB5C00][000001CE01B201C0 49] iPodTouch7, [000001CE02BE0400][000001CE01B28340 49] iPhone5S, [000001CE01C46700][000001CE01B2C4C0 49] iPhone6Plus, [000001CE02BE2F00][000001CE01B30640 49] iPhone6S, [000001CE02BB4A00][000001CE01AF0780 49] iPhone6SPlus, [000001CE02BE2300][000001CE01B348C0 49] iPhone7Plus, [000001CE02BB4100][000001CE01B38A00 49] iPhoneSE, [000001CE02BE0800][000001CE01B3CB40 49] iPhone8, [000001CE02BB5F00][000001CE01B44CC0 49] iPhone8Plus, [000001CE02BE0700][000001CE01B48E40 49] iPhoneX, [000001CE02BB6200][000001CE01B4CFC0 49] iPhoneXS, [000001CE02BE3800][000001CE01B51140 49] iPhoneXSMax, [000001CE02BB4900][000001CE01B552C0 49] iPhoneXR, [000001CE02BE1900][000001CE01B59440 49] iPhone11, [000001CE02BB6800][000001CE01B5D5C0 49] iPhone11Pro, [000001CE02BE1000][000001CE01B61740 49] iPhone11ProMax, [000001CE02BB5500][000001CE01B658C0 49] iPhoneSE2, [000001CE02BE3500][000001CE01B69A40 49] iPhone12Mini, [000001CE02BB7D00][000001CE01B6DBC0 49] iPhone12, [000001CE02BE1F00][000001CE01B701C0 49] iPhone12Pro, [000001CE02BB7000][000001CE01B74340 49] iPhone12ProMax, [000001CE02BE1400][000001CE01B784C0 49] iPadPro105, [000001CE02BB6700][000001CE01B7C640 49] iPadPro129, [000001CE02BE3400][000001CE01B807C0 49] iPadPro97, [000001CE02BB6600][000001CE01B84940 49] iPadPro2_129, [000001CE02BE1E00][000001CE01B40A80 49] iPad5, [000001CE02BB4200][000001CE01B88BC0 49] iPad6, [000001CE02BE3B00][000001CE01B8CD00 49] iPad7, [000001CE02BB7B00][000001CE01B94E80 49] iPad8, [000001CE02BE2400][000001CE01B99000 49] iPadPro11, [000001CE02BB6D00][000001CE01B9D180 49] iPadPro2_11, [000001CE02BE1C00][000001CE01BA1300 49] iPadPro3_129, [000001CE02BB6F00][000001CE01BA5480 49] iPadPro4_129, [000001CE02BE0100][000001CE01BA9600 49] AppleTV, [000001CE02BB6400][000001CE01BAD780 49] AppleTV4K, [000001CE02BE3D00][000001CE01BB1900 49] TVOS, [000001CE02BB4400][000001CE01BB5A80 49] Mac, [000001CE02BE0300][000001CE01BB9C00 49] MacClient, [000001CE02BB7100][000001CE01BBC200 49] MacNoEditor, [000001CE02BE1700][000001CE01BC0380 49] MacServer, [000001CE02BB4600][000001CE01BC4500 49] Linux, [000001CE02BE3000][000001CE01BC8680 49] LinuxAArch64, [000001CE02BB6900][000001CE01BCC800 49] LinuxNoEditor, [000001CE02BE2E00][000001CE01BD0980 49] LinuxAArch64NoEditor, [000001CE02BB6100][000001CE01BD4B00 49] LinuxClient, [000001CE02BE0C00][000001CE01B90C40 49] LinuxAArch64Client, [000001CE02BB6C00][000001CE01BD8D80 49] LinuxServer, [000001CE02BE1D00][000001CE01BDCEC0 49] LinuxAArch64Server, [000001CE02BB7700][000001CE01BE5040 49] Android, [000001CE02BE0B00][000001CE01BE91C0 49] Android_Low, [000001CE02BB5E00][000001CE01BED340 49] Android_Mid, [000001CE02BE2800][000001CE01BF14C0 49] Android_High, [000001CE01C47E00][000001CE01BF5640 49] Android_Default, [000001CE01CE2100][000001CE01BF97C0 49] Android_Adreno4xx, [000001CE01C44D00][000001CE01BFD940 49] Android_Adreno5xx_Low, [000001CE01CE2B00][000001CE02C11AC0 49] Android_Adreno5xx, [000001CE01C47C00][000001CE02C140C0 49] Android_Adreno6xx, [000001CE01CE2800][000001CE02C18240 49] Android_Adreno6xx_Vulkan, [000001CE01C45F00][000001CE02C1C3C0 49] Android_Mali_T6xx, [000001CE01CE3B00][000001CE02C20540 49] Android_Mali_T7xx, [000001CE01C44B00][000001CE02C246C0 49] Android_Mali_T8xx, [000001CE01CE3E00][000001CE02C28840 49] Android_Mali_G71, [000001CE01C45000][000001CE02C2C9C0 49] Android_Mali_G72, [000001CE01CE1800][000001CE02C30B40 49] Android_Mali_G72_Vulkan, [000001CE01C47800][000001CE02C34CC0 49] Android_Mali_G76, [000001CE01CE1B00][000001CE01BE0E00 49] Android_Mali_G76_Vulkan, [000001CE01C46500][000001CE02C38F40 49] Android_Mali_G77, [000001CE01CE1000][000001CE02C3D080 49] Android_Mali_G77_Vulkan, [000001CE01C45D00][000001CE02C411C0 49] Android_Mali_G78, [000001CE01CE2900][000001CE02C49340 49] Android_Mali_G78_Vulkan, [000001CE01C46E00][000001CE02C4D4C0 49] Android_Mali_G710, [000001CE01CE0700][000001CE02C51640 49] Android_Mali_G710_Vulkan, [000001CE01C45700][000001CE02C557C0 49] Android_Vulkan_SM5, [000001CE01CE1600][000001CE02C59940 49] Android_PowerVR_G6xxx, [000001CE01C45B00][000001CE02C5DAC0 49] Android_PowerVR_GT7xxx, [000001CE01CE2F00][000001CE02C600C0 49] Android_PowerVR_GE8xxx, [000001CE01C45A00][000001CE02C64240 49] Android_PowerVR_GM9xxx, [000001CE01CE0300][000001CE02C683C0 49] Android_PowerVR_GM9xxx_Vulkan, [000001CE01C44400][000001CE02C6C540 49] Android_TegraK1, [000001CE01CE2C00][000001CE02C706C0 49] Android_Unknown_Vulkan, [000001CE01C44300][000001CE02C74840 49] Lumin, [000001CE02BB5900][000001CE02C789C0 49] Lumin_Desktop, [000001CE01C47400][000001CE02C7CB40 49] HoloLens, 
